<?xml version="1.0" encoding="UTF-8"?>
<testsuite xmlns:xsi="http://www.w3.org/2001/XMLSchema-instance" xsi:noNamespaceSchemaLocation="https://maven.apache.org/surefire/maven-surefire-plugin/xsd/surefire-test-report-3.0.xsd" version="3.0" name="MoneyTest" time="0.057" tests="4" errors="0" skipped="0" failures="0">
  <properties>
    <property name="java.specification.version" value="17"/>
    <property name="sun.cpu.isalist" value="amd64"/>
    <property name="sun.jnu.encoding" value="Cp1252"/>
    <property name="java.class.path" value="C:\Users\boris\OneDrive - UMONS\MA1 IG-Cybersecurity\Q1\Expertises digitale et logicielle\TP\TP1-EDL\Ex2-Maven\target\test-classes;C:\Users\boris\OneDrive - UMONS\MA1 IG-Cybersecurity\Q1\Expertises digitale et logicielle\TP\TP1-EDL\Ex2-Maven\target\classes;C:\Users\boris\.m2\repository\junit\junit\4.13.2\junit-4.13.2.jar;C:\Users\boris\.m2\repository\org\hamcrest\hamcrest-core\1.3\hamcrest-core-1.3.jar;"/>
    <property name="java.vm.vendor" value="Eclipse Adoptium"/>
    <property name="sun.arch.data.model" value="64"/>
    <property name="user.variant" value=""/>
    <property name="java.vendor.url" value="https://adoptium.net/"/>
    <property name="user.timezone" value="Europe/Brussels"/>
    <property name="os.name" value="Windows 11"/>
    <property name="java.vm.specification.version" value="17"/>
    <property name="sun.java.launcher" value="SUN_STANDARD"/>
    <property name="user.country" value="BE"/>
    <property name="sun.boot.library.path" value="C:\Program Files\Eclipse Adoptium\jdk-17.0.4.101-hotspot\bin"/>
    <property name="sun.java.command" value="C:\Users\boris\AppData\Local\Temp\surefire1345205288783969229\surefirebooter-20231127154556104_3.jar C:\Users\boris\AppData\Local\Temp\surefire1345205288783969229 2023-11-27T15-45-55_648-jvmRun1 surefire-20231127154556104_1tmp surefire_0-20231127154556104_2tmp"/>
    <property name="jdk.debug" value="release"/>
    <property name="surefire.test.class.path" value="C:\Users\boris\OneDrive - UMONS\MA1 IG-Cybersecurity\Q1\Expertises digitale et logicielle\TP\TP1-EDL\Ex2-Maven\target\test-classes;C:\Users\boris\OneDrive - UMONS\MA1 IG-Cybersecurity\Q1\Expertises digitale et logicielle\TP\TP1-EDL\Ex2-Maven\target\classes;C:\Users\boris\.m2\repository\junit\junit\4.13.2\junit-4.13.2.jar;C:\Users\boris\.m2\repository\org\hamcrest\hamcrest-core\1.3\hamcrest-core-1.3.jar;"/>
    <property name="sun.cpu.endian" value="little"/>
    <property name="user.home" value="C:\Users\boris"/>
    <property name="user.language" value="fr"/>
    <property name="java.specification.vendor" value="Oracle Corporation"/>
    <property name="java.version.date" value="2022-08-12"/>
    <property name="java.home" value="C:\Program Files\Eclipse Adoptium\jdk-17.0.4.101-hotspot"/>
    <property name="file.separator" value="\"/>
    <property name="basedir" value="C:\Users\boris\OneDrive - UMONS\MA1 IG-Cybersecurity\Q1\Expertises digitale et logicielle\TP\TP1-EDL\Ex2-Maven"/>
    <property name="java.vm.compressedOopsMode" value="32-bit"/>
    <property name="line.separator" value="&#10;"/>
    <property name="java.vm.specification.vendor" value="Oracle Corporation"/>
    <property name="java.specification.name" value="Java Platform API Specification"/>
    <property name="surefire.real.class.path" value="C:\Users\boris\AppData\Local\Temp\surefire1345205288783969229\surefirebooter-20231127154556104_3.jar"/>
    <property name="user.script" value=""/>
    <property name="sun.management.compiler" value="HotSpot 64-Bit Tiered Compilers"/>
    <property name="java.runtime.version" value="17.0.4.1+1"/>
    <property name="user.name" value="boris"/>
    <property name="path.separator" value=";"/>
    <property name="os.version" value="10.0"/>
    <property name="java.runtime.name" value="OpenJDK Runtime Environment"/>
    <property name="file.encoding" value="Cp1252"/>
    <property name="java.vm.name" value="OpenJDK 64-Bit Server VM"/>
    <property name="java.vendor.version" value="Temurin-17.0.4.1+1"/>
    <property name="localRepository" value="C:\Users\boris\.m2\repository"/>
    <property name="java.vendor.url.bug" value="https://github.com/adoptium/adoptium-support/issues"/>
    <property name="java.io.tmpdir" value="C:\Users\boris\AppData\Local\Temp\"/>
    <property name="java.version" value="17.0.4.1"/>
    <property name="user.dir" value="C:\Users\boris\OneDrive - UMONS\MA1 IG-Cybersecurity\Q1\Expertises digitale et logicielle\TP\TP1-EDL\Ex2-Maven"/>
    <property name="os.arch" value="amd64"/>
    <property name="java.vm.specification.name" value="Java Virtual Machine Specification"/>
    <property name="sun.os.patch.level" value=""/>
    <property name="native.encoding" value="Cp1252"/>
    <property name="java.library.path" value="C:\Program Files\Eclipse Adoptium\jdk-17.0.4.101-hotspot\bin;C:\WINDOWS\Sun\Java\bin;C:\WINDOWS\system32;C:\WINDOWS;C:\Program Files\Eclipse Adoptium\jdk-17.0.4.101-hotspot\bin;C:\Program Files (x86)\NVIDIA Corporation\PhysX\Common;C:\WINDOWS\system32;C:\WINDOWS;C:\WINDOWS\System32\Wbem;C:\WINDOWS\System32\WindowsPowerShell\v1.0\;C:\WINDOWS\System32\OpenSSH\;C:\Program Files (x86)\Windows Kits\8.1\Windows Performance Toolkit\;C:\Program Files\dotnet\;C:\Gradle\gradle-7.5.1\bin;C:\Program Files\Docker\Docker\resources\bin;C:\Users\boris\OneDrive - UMONS\MA1 IG-Cybersecurity\Q1\Expertises digitale et logicielle\TP\apache-maven-3.9.5\bin;C:\Users\boris\AppData\Local\Microsoft\WindowsApps;C:\Users\boris\.dotnet\tools;C:\Users\boris\AppData\Local\GitHubDesktop\bin;C:\Users\boris\AppData\Local\Programs\Microsoft VS Code\bin;."/>
    <property name="java.vm.info" value="mixed mode, sharing"/>
    <property name="java.vendor" value="Eclipse Adoptium"/>
    <property name="java.vm.version" value="17.0.4.1+1"/>
    <property name="sun.io.unicode.encoding" value="UnicodeLittle"/>
    <property name="java.class.version" value="61.0"/>
  </properties>
  <testcase name="testAdd" classname="MoneyTest" time="0.009">
    <system-out><![CDATA[Add Test
]]></system-out>
  </testcase>
  <testcase name="testAdd_Money" classname="MoneyTest" time="0.003">
    <system-out><![CDATA[Add Money Test
]]></system-out>
  </testcase>
  <testcase name="testAmount" classname="MoneyTest" time="0.003">
    <system-out><![CDATA[Amount Test
]]></system-out>
  </testcase>
  <testcase name="testCurrency" classname="MoneyTest" time="0.002">
    <system-out><![CDATA[Currency Test
]]></system-out>
  </testcase>
</testsuite>